<?xml version="1.0" encoding="UTF-8"?>
<!-- Generated by org.testng.reporters.JUnitReportReporter -->
<testsuite hostname="liuxingchen" name="com.webdriver.chapter15.TestSeleniumGrid" tests="1" failures="0" timestamp="14 Mar 2017 03:50:14 GMT" time="5.196" errors="0">
  <testcase name="testSogouSearch" time="5.196" classname="com.webdriver.chapter15.TestSeleniumGrid"/>
</testsuite> <!-- com.webdriver.chapter15.TestSeleniumGrid -->
