<?xml version="1.0" encoding="UTF-8"?>
<!-- Generated by org.testng.reporters.JUnitReportReporter -->
<testsuite hostname="liuxingchen" name="com.webdriver.chapter10.WebDriverAPIPractice" tests="1" failures="0" timestamp="13 Mar 2017 03:38:43 GMT" time="12.147" errors="0">
  <testcase name="freshCurrentPage" time="12.147" classname="com.webdriver.chapter10.WebDriverAPIPractice"/>
</testsuite> <!-- com.webdriver.chapter10.WebDriverAPIPractice -->
